-------------------------------------------------------------------------------
Test set: com.garganttua.di.impl.supplier.DiContextTest
-------------------------------------------------------------------------------
Tests run: 2, Failures: 1, Errors: 0, Skipped: 0, Time elapsed: 0.117 s <<< FAILURE! - in com.garganttua.di.impl.supplier.DiContextTest
testDummyBeanIsLoaded  Time elapsed: 0.073 s  <<< FAILURE!
org.opentest4j.AssertionFailedError: expected: <propertyValue> but was: <null>
	at com.garganttua.di.impl.supplier.DiContextTest.testDummyBeanIsLoaded(DiContextTest.java:55)

