-------------------------------------------------------------------------------
Test set: com.garganttua.di.impl.supplier.BeanProviderTest
-------------------------------------------------------------------------------
Tests run: 1, Failures: 1, Errors: 0, Skipped: 0, Time elapsed: 0.038 s <<< FAILURE! - in com.garganttua.di.impl.supplier.BeanProviderTest
test  Time elapsed: 0.038 s  <<< FAILURE!
org.opentest4j.AssertionFailedError: expected: <default> but was: <null>
	at com.garganttua.di.impl.supplier.BeanProviderTest.test(BeanProviderTest.java:36)

